2022-05-28 17:13:08,754 P99236 INFO {
    "batch_norm": "False",
    "batch_size": "10000",
    "cin_layer_units": "[32, 32, 32]",
    "data_format": "csv",
    "data_root": "./data/",
    "dataset_id": "criteo_x1",
    "debug": "False",
    "dnn_hidden_units": "[500, 500, 500]",
    "embedding_dim": "16",
    "embedding_dropout": "0",
    "embedding_regularizer": "0",
    "epochs": "10",
    "every_x_epochs": "1",
    "feature_cols": "[{'name': ['I1', 'I2', 'I3', 'I4', 'I5', 'I6', 'I7', 'I8', 'I9', 'I10', 'I11', 'I12', 'I13'], 'active': True, 'dtype': 'float', 'type': 'numeric', 'preprocess': 'convert_to_bucket', 'na_value': 0}, {'name': ['C1', 'C2', 'C3', 'C4', 'C5', 'C6', 'C7', 'C8', 'C9', 'C10', 'C11', 'C12', 'C13', 'C14', 'C15', 'C16', 'C17', 'C18', 'C19', 'C20', 'C21', 'C22', 'C23', 'C24', 'C25', 'C26'], 'active': True, 'dtype': 'str', 'type': 'categorical', 'na_value': ''}]",
    "gpu": "0",
    "hidden_activations": "relu",
    "label_col": "{'name': 'label', 'dtype': 'float'}",
    "learning_rate": "0.001",
    "loss": "binary_crossentropy",
    "metrics": "['logloss', 'AUC']",
    "min_categr_count": "2",
    "model": "FM",
    "model_id": "FM_criteo_x1",
    "model_root": "./checkpoints/",
    "monitor": "{'AUC': 1, 'logloss': -1}",
    "monitor_mode": "max",
    "net_dropout": "0",
    "net_regularizer": "0",
    "optimizer": "adam",
    "patience": "2",
    "pickle_feature_encoder": "True",
    "save_best_only": "True",
    "seed": "2019",
    "shuffle": "True",
    "task": "binary_classification",
    "test_data": "./data/criteo_x1/test_sample.csv",
    "train_data": "./data/criteo_x1/train_sample.csv",
    "use_hdf5": "True",
    "valid_data": "./data/criteo_x1/valid_sample.csv",
    "verbose": "1",
    "version": "tensorflow",
    "workers": "8"
}
2022-05-28 17:13:08,754 P99236 INFO Set up feature encoder...
2022-05-28 17:13:08,754 P99236 INFO Load feature_map from json: ./data/criteo_x1/feature_map.json
2022-05-28 17:13:08,756 P99236 INFO Loading data...
2022-05-28 17:13:10,282 P99236 INFO Loading data from h5: ./data/criteo_x1/train.h5
2022-05-28 17:13:10,463 P99236 INFO Loading data from h5: ./data/criteo_x1/valid.h5
2022-05-28 17:13:10,618 P99236 INFO Train samples: total/499999, pos/128430, neg/371569, ratio/25.69%, blocks/1
2022-05-28 17:13:10,618 P99236 INFO Validation samples: total/499999, pos/125502, neg/374497, ratio/25.10%, blocks/1
2022-05-28 17:13:10,618 P99236 INFO Loading train data done.
2022-05-28 17:13:10,648 P99236 WARNING From /opt/miniconda3/envs/py3.6tf1/lib/python3.6/site-packages/tensorflow/python/framework/op_def_library.py:263: colocate_with (from tensorflow.python.framework.ops) is deprecated and will be removed in a future version.
Instructions for updating:
Colocations handled automatically by placer.
